Technology-Challenge/【赵现锋】变声器/demo/lib-screensharing/build/intermediates/manifest_merge_blame_file/debug/manifest-merger-blame-debug-report.txt
1<?xml version="1.0" encoding="utf-8"?>
2<manifest xmlns:android="http://schemas.android.com/apk/res/android"
3    package="io.agora.rtc.ss"
4    android:versionCode="1"
5    android:versionName="1.0" >
6
7    <uses-sdk
8        android:minSdkVersion="19"
8-->src/main/AndroidManifest.xml
9        android:targetSdkVersion="29" />
9-->src/main/AndroidManifest.xml
10
11    <uses-permission android:name="android.permission.INTERNET" />
11-->src/main/AndroidManifest.xml:5:5-67
11-->src/main/AndroidManifest.xml:5:22-64
12    <uses-permission android:name="android.permission.ACCESS_NETWORK_STATE" />
12-->src/main/AndroidManifest.xml:6:5-79
12-->src/main/AndroidManifest.xml:6:22-76
13    <uses-permission android:name="android.permission.WRITE_EXTERNAL_STORAGE" />
13-->src/main/AndroidManifest.xml:7:5-81
13-->src/main/AndroidManifest.xml:7:22-78
14    <uses-permission android:name="android.permission.FOREGROUND_SERVICE" />
14-->src/main/AndroidManifest.xml:8:5-77
14-->src/main/AndroidManifest.xml:8:22-74
15
16    <application>
16-->src/main/AndroidManifest.xml:10:5-24:19
17        <activity
17-->src/main/AndroidManifest.xml:11:9-15:64
18            android:name="io.agora.rtc.ss.impl.ScreenCapture$ScreenCaptureAssistantActivity"
18-->src/main/AndroidManifest.xml:12:13-78
19            android:process=":screensharingsvc"
19-->src/main/AndroidManifest.xml:13:13-48
20            android:screenOrientation="fullUser"
20-->src/main/AndroidManifest.xml:14:13-49
21            android:theme="@android:style/Theme.Translucent" />
21-->src/main/AndroidManifest.xml:15:13-61
22
23        <service
23-->src/main/AndroidManifest.xml:16:9-23:19
24            android:name="io.agora.rtc.ss.impl.ScreenSharingService"
24-->src/main/AndroidManifest.xml:17:13-54
25            android:foregroundServiceType="mediaProjection"
25-->src/main/AndroidManifest.xml:18:13-60
26            android:process=":screensharingsvc" >
26-->src/main/AndroidManifest.xml:19:13-48
27            <intent-filter>
27-->src/main/AndroidManifest.xml:20:13-22:29
28                <action android:name="android.intent.action.screenshare" />
28-->src/main/AndroidManifest.xml:21:17-76
28-->src/main/AndroidManifest.xml:21:25-73
29            </intent-filter>
30        </service>
31    </application>
32
33</manifest>